0 info it worked if it ends with ok
1 verbose cli [ '/usr/local/Cellar/node/7.4.0/bin/node',
1 verbose cli   '/usr/local/bin/npm',
1 verbose cli   'run',
1 verbose cli   'test' ]
2 info using npm@4.1.1
3 info using node@v7.4.0
4 verbose run-script [ 'pretest', 'test', 'posttest' ]
5 info lifecycle chai-avro@0.0.2~pretest: chai-avro@0.0.2
6 silly lifecycle chai-avro@0.0.2~pretest: no script for pretest, continuing
7 info lifecycle chai-avro@0.0.2~test: chai-avro@0.0.2
8 verbose lifecycle chai-avro@0.0.2~test: unsafe-perm in lifecycle true
9 verbose lifecycle chai-avro@0.0.2~test: PATH: /usr/local/lib/node_modules/npm/bin/node-gyp-bin:/Users/rico/dev/kaufhof/chai-avro/node_modules/.bin:/usr/local/bin:/usr/bin:/bin:/usr/sbin:/sbin:/opt/X11/bin:/usr/local/git/bin:/usr/local/bin
10 verbose lifecycle chai-avro@0.0.2~test: CWD: /Users/rico/dev/kaufhof/chai-avro
11 silly lifecycle chai-avro@0.0.2~test: Args: [ '-c', 'mocha ./test' ]
12 silly lifecycle chai-avro@0.0.2~test: Returned: code: 1  signal: null
13 info lifecycle chai-avro@0.0.2~test: Failed to exec test script
14 verbose stack Error: chai-avro@0.0.2 test: `mocha ./test`
14 verbose stack Exit status 1
14 verbose stack     at EventEmitter.<anonymous> (/usr/local/lib/node_modules/npm/lib/utils/lifecycle.js:279:16)
14 verbose stack     at emitTwo (events.js:106:13)
14 verbose stack     at EventEmitter.emit (events.js:191:7)
14 verbose stack     at ChildProcess.<anonymous> (/usr/local/lib/node_modules/npm/lib/utils/spawn.js:40:14)
14 verbose stack     at emitTwo (events.js:106:13)
14 verbose stack     at ChildProcess.emit (events.js:191:7)
14 verbose stack     at maybeClose (internal/child_process.js:885:16)
14 verbose stack     at Process.ChildProcess._handle.onexit (internal/child_process.js:226:5)
15 verbose pkgid chai-avro@0.0.2
16 verbose cwd /Users/rico/dev/kaufhof/chai-avro
17 error Darwin 16.4.0
18 error argv "/usr/local/Cellar/node/7.4.0/bin/node" "/usr/local/bin/npm" "run" "test"
19 error node v7.4.0
20 error npm  v4.1.1
21 error code ELIFECYCLE
22 error chai-avro@0.0.2 test: `mocha ./test`
22 error Exit status 1
23 error Failed at the chai-avro@0.0.2 test script 'mocha ./test'.
23 error Make sure you have the latest version of node.js and npm installed.
23 error If you do, this is most likely a problem with the chai-avro package,
23 error not with npm itself.
23 error Tell the author that this fails on your system:
23 error     mocha ./test
23 error You can get information on how to open an issue for this project with:
23 error     npm bugs chai-avro
23 error Or if that isn't available, you can get their info via:
23 error     npm owner ls chai-avro
23 error There is likely additional logging output above.
24 verbose exit [ 1, true ]
